<?xml version="1.0" encoding="UTF-8"?>
<!-- Generated by org.testng.reporters.JUnitXMLReporter -->
<testsuite ignored="0" hostname="DELL" failures="0" tests="5" name="Default test" time="81.078" errors="0" timestamp="2026-03-15T22:32:07 IST">
  <testcase classname="tests.FlightBookingTest" name="bookFlightTest" time="11.173"/>
  <testcase classname="tests.FlightBookingTest" name="bookFlightTest" time="6.884"/>
  <testcase classname="tests.FlightBookingTest" name="bookFlightTest" time="6.606"/>
  <testcase classname="tests.FlightBookingTest" name="bookFlightTest" time="6.818"/>
  <testcase classname="tests.FlightBookingTest" name="bookFlightTest" time="9.724"/>
</testsuite> <!-- Default test -->
