<?xml version="1.0" encoding="UTF-8"?>
<!-- Generated by org.testng.reporters.JUnitXMLReporter -->
<testsuite ignored="0" hostname="DELL" failures="0" tests="5" name="FlightBookingTests" time="48.365" errors="0" timestamp="2026-03-12T16:45:31 IST">
  <testcase classname="tests.FlightBookingTest" name="bookFlightTest" time="4.084"/>
  <testcase classname="tests.FlightBookingTest" name="bookFlightTest" time="3.777"/>
  <testcase classname="tests.FlightBookingTest" name="bookFlightTest" time="3.778"/>
  <testcase classname="tests.FlightBookingTest" name="bookFlightTest" time="3.92"/>
  <testcase classname="tests.FlightBookingTest" name="bookFlightTest" time="3.445"/>
</testsuite> <!-- FlightBookingTests -->
