<?xml version="1.0" encoding="UTF-8"?>
<!-- Generated by org.testng.reporters.JUnitXMLReporter -->
<testsuite ignored="0" hostname="DELL" failures="0" tests="5" name="FlightBookingTests" time="65.473" errors="0" timestamp="2026-03-12T12:30:12 IST">
  <testcase classname="tests.FlightBookingTest" name="bookFlightTest" time="6.821"/>
  <testcase classname="tests.FlightBookingTest" name="bookFlightTest" time="4.258"/>
  <testcase classname="tests.FlightBookingTest" name="bookFlightTest" time="5.902"/>
  <testcase classname="tests.FlightBookingTest" name="bookFlightTest" time="6.7"/>
  <testcase classname="tests.FlightBookingTest" name="bookFlightTest" time="8.156"/>
</testsuite> <!-- FlightBookingTests -->
