<?xml version="1.0" encoding="UTF-8"?>
<!-- Generated by org.testng.reporters.JUnitXMLReporter -->
<testsuite ignored="0" hostname="DELL" failures="0" tests="5" name="TestNG Direct Tests" time="87.803" errors="0" timestamp="2026-03-15T23:11:46 IST">
  <testcase classname="tests.FlightBookingTest" name="bookFlightTest" time="13.011"/>
  <testcase classname="tests.FlightBookingTest" name="bookFlightTest" time="8.616"/>
  <testcase classname="tests.FlightBookingTest" name="bookFlightTest" time="12.596"/>
  <testcase classname="tests.FlightBookingTest" name="bookFlightTest" time="6.155"/>
  <testcase classname="tests.FlightBookingTest" name="bookFlightTest" time="5.928"/>
</testsuite> <!-- TestNG Direct Tests -->
