<?xml version="1.0" encoding="UTF-8"?>
<!-- Generated by org.testng.reporters.JUnitXMLReporter -->
<testsuite ignored="0" hostname="DELL" failures="0" tests="5" name="ChromeTest" time="43.778" errors="0" timestamp="2026-03-12T15:46:39 IST">
  <testcase classname="tests.FlightBookingTest" name="bookFlightTest" time="3.648"/>
  <testcase classname="tests.FlightBookingTest" name="bookFlightTest" time="3.696"/>
  <testcase classname="tests.FlightBookingTest" name="bookFlightTest" time="3.66"/>
  <testcase classname="tests.FlightBookingTest" name="bookFlightTest" time="3.706"/>
  <testcase classname="tests.FlightBookingTest" name="bookFlightTest" time="3.751"/>
</testsuite> <!-- ChromeTest -->
