<?xml version="1.0" encoding="UTF-8"?>
<!-- Generated by org.testng.reporters.JUnitXMLReporter -->
<testsuite ignored="0" hostname="DELL" failures="0" tests="5" name="FirefoxTest" time="66.318" errors="0" timestamp="2026-03-12T15:39:28 IST">
  <testcase classname="tests.FlightBookingTest" name="bookFlightTest" time="5.983"/>
  <testcase classname="tests.FlightBookingTest" name="bookFlightTest" time="5.08"/>
  <testcase classname="tests.FlightBookingTest" name="bookFlightTest" time="5.007"/>
  <testcase classname="tests.FlightBookingTest" name="bookFlightTest" time="4.528"/>
  <testcase classname="tests.FlightBookingTest" name="bookFlightTest" time="5.075"/>
</testsuite> <!-- FirefoxTest -->
