<?xml version="1.0" encoding="UTF-8"?>
<testng-results ignored="0" total="5" passed="5" failed="0" skipped="0">
  <reporter-output>
  </reporter-output>
  <suite started-at="2026-03-12T16:44:42 IST" name="FlightBookingSuite" finished-at="2026-03-12T16:45:31 IST" duration-ms="48365">
    <groups>
    </groups>
    <test started-at="2026-03-12T16:44:42 IST" name="FlightBookingTests" finished-at="2026-03-12T16:45:31 IST" duration-ms="48365">
      <class name="tests.FlightBookingTest">
        <test-method is-config="true" signature="setup()[pri:0, instance:tests.FlightBookingTest@e3b3b2f]" started-at="2026-03-12T16:44:46 IST" name="setup" finished-at="2026-03-12T16:44:54 IST" duration-ms="8007" status="PASS">
          <reporter-output>
          </reporter-output>
        </test-method> <!-- setup -->
        <test-method signature="bookFlightTest(java.lang.String,java.lang.String,java.lang.String)[pri:0, instance:tests.FlightBookingTest@e3b3b2f]" started-at="2026-03-12T16:44:54 IST" name="bookFlightTest" data-provider="testData" finished-at="2026-03-12T16:44:58 IST" duration-ms="4084" status="PASS">
          <params>
            <param index="0">
              <value>
                <![CDATA[Bharti]]>
              </value>
            </param>
            <param index="1">
              <value>
                <![CDATA[Delhi]]>
              </value>
            </param>
            <param index="2">
              <value>
                <![CDATA[4111111111111111]]>
              </value>
            </param>
          </params>
          <reporter-output>
          </reporter-output>
        </test-method> <!-- bookFlightTest -->
        <test-method is-config="true" signature="tearDown()[pri:0, instance:tests.FlightBookingTest@e3b3b2f]" started-at="2026-03-12T16:44:58 IST" name="tearDown" finished-at="2026-03-12T16:44:59 IST" duration-ms="440" status="PASS">
          <reporter-output>
          </reporter-output>
        </test-method> <!-- tearDown -->
        <test-method is-config="true" signature="setup()[pri:0, instance:tests.FlightBookingTest@e3b3b2f]" started-at="2026-03-12T16:44:59 IST" name="setup" finished-at="2026-03-12T16:45:03 IST" duration-ms="4254" status="PASS">
          <reporter-output>
          </reporter-output>
        </test-method> <!-- setup -->
        <test-method signature="bookFlightTest(java.lang.String,java.lang.String,java.lang.String)[pri:0, instance:tests.FlightBookingTest@e3b3b2f]" started-at="2026-03-12T16:45:03 IST" name="bookFlightTest" data-provider="testData" finished-at="2026-03-12T16:45:07 IST" duration-ms="3777" status="PASS">
          <params>
            <param index="0">
              <value>
                <![CDATA[Harshvardhan]]>
              </value>
            </param>
            <param index="1">
              <value>
                <![CDATA[bangalore ]]>
              </value>
            </param>
            <param index="2">
              <value>
                <![CDATA[5555555555554465]]>
              </value>
            </param>
          </params>
          <reporter-output>
          </reporter-output>
        </test-method> <!-- bookFlightTest -->
        <test-method is-config="true" signature="tearDown()[pri:0, instance:tests.FlightBookingTest@e3b3b2f]" started-at="2026-03-12T16:45:07 IST" name="tearDown" finished-at="2026-03-12T16:45:07 IST" duration-ms="261" status="PASS">
          <reporter-output>
          </reporter-output>
        </test-method> <!-- tearDown -->
        <test-method is-config="true" signature="setup()[pri:0, instance:tests.FlightBookingTest@e3b3b2f]" started-at="2026-03-12T16:45:07 IST" name="setup" finished-at="2026-03-12T16:45:11 IST" duration-ms="3987" status="PASS">
          <reporter-output>
          </reporter-output>
        </test-method> <!-- setup -->
        <test-method signature="bookFlightTest(java.lang.String,java.lang.String,java.lang.String)[pri:0, instance:tests.FlightBookingTest@e3b3b2f]" started-at="2026-03-12T16:45:11 IST" name="bookFlightTest" data-provider="testData" finished-at="2026-03-12T16:45:15 IST" duration-ms="3778" status="PASS">
          <params>
            <param index="0">
              <value>
                <![CDATA[Sonali ]]>
              </value>
            </param>
            <param index="1">
              <value>
                <![CDATA[Delhi]]>
              </value>
            </param>
            <param index="2">
              <value>
                <![CDATA[4111111111111111]]>
              </value>
            </param>
          </params>
          <reporter-output>
          </reporter-output>
        </test-method> <!-- bookFlightTest -->
        <test-method is-config="true" signature="tearDown()[pri:0, instance:tests.FlightBookingTest@e3b3b2f]" started-at="2026-03-12T16:45:15 IST" name="tearDown" finished-at="2026-03-12T16:45:15 IST" duration-ms="305" status="PASS">
          <reporter-output>
          </reporter-output>
        </test-method> <!-- tearDown -->
        <test-method is-config="true" signature="setup()[pri:0, instance:tests.FlightBookingTest@e3b3b2f]" started-at="2026-03-12T16:45:15 IST" name="setup" finished-at="2026-03-12T16:45:19 IST" duration-ms="3898" status="PASS">
          <reporter-output>
          </reporter-output>
        </test-method> <!-- setup -->
        <test-method signature="bookFlightTest(java.lang.String,java.lang.String,java.lang.String)[pri:0, instance:tests.FlightBookingTest@e3b3b2f]" started-at="2026-03-12T16:45:19 IST" name="bookFlightTest" data-provider="testData" finished-at="2026-03-12T16:45:23 IST" duration-ms="3920" status="PASS">
          <params>
            <param index="0">
              <value>
                <![CDATA[Sudha ]]>
              </value>
            </param>
            <param index="1">
              <value>
                <![CDATA[Mumbai]]>
              </value>
            </param>
            <param index="2">
              <value>
                <![CDATA[5555555555554444]]>
              </value>
            </param>
          </params>
          <reporter-output>
          </reporter-output>
        </test-method> <!-- bookFlightTest -->
        <test-method is-config="true" signature="tearDown()[pri:0, instance:tests.FlightBookingTest@e3b3b2f]" started-at="2026-03-12T16:45:23 IST" name="tearDown" finished-at="2026-03-12T16:45:23 IST" duration-ms="423" status="PASS">
          <reporter-output>
          </reporter-output>
        </test-method> <!-- tearDown -->
        <test-method is-config="true" signature="setup()[pri:0, instance:tests.FlightBookingTest@e3b3b2f]" started-at="2026-03-12T16:45:23 IST" name="setup" finished-at="2026-03-12T16:45:27 IST" duration-ms="3762" status="PASS">
          <reporter-output>
          </reporter-output>
        </test-method> <!-- setup -->
        <test-method signature="bookFlightTest(java.lang.String,java.lang.String,java.lang.String)[pri:0, instance:tests.FlightBookingTest@e3b3b2f]" started-at="2026-03-12T16:45:27 IST" name="bookFlightTest" data-provider="testData" finished-at="2026-03-12T16:45:30 IST" duration-ms="3445" status="PASS">
          <params>
            <param index="0">
              <value>
                <![CDATA[Bharti]]>
              </value>
            </param>
            <param index="1">
              <value>
                <![CDATA[Delhi]]>
              </value>
            </param>
            <param index="2">
              <value>
                <![CDATA[4111111111111111]]>
              </value>
            </param>
          </params>
          <reporter-output>
          </reporter-output>
        </test-method> <!-- bookFlightTest -->
        <test-method is-config="true" signature="tearDown()[pri:0, instance:tests.FlightBookingTest@e3b3b2f]" started-at="2026-03-12T16:45:30 IST" name="tearDown" finished-at="2026-03-12T16:45:31 IST" duration-ms="364" status="PASS">
          <reporter-output>
          </reporter-output>
        </test-method> <!-- tearDown -->
      </class> <!-- tests.FlightBookingTest -->
    </test> <!-- FlightBookingTests -->
  </suite> <!-- FlightBookingSuite -->
</testng-results>
