<?xml version="1.0" encoding="UTF-8"?>
<testng-results ignored="0" total="5" passed="5" failed="0" skipped="0">
  <reporter-output>
  </reporter-output>
  <suite started-at="2026-03-12T12:29:07 IST" name="FlightBookingSuite" finished-at="2026-03-12T12:30:12 IST" duration-ms="65473">
    <groups>
    </groups>
    <test started-at="2026-03-12T12:29:07 IST" name="FlightBookingTests" finished-at="2026-03-12T12:30:12 IST" duration-ms="65473">
      <class name="tests.FlightBookingTest">
        <test-method is-config="true" signature="setup()[pri:0, instance:tests.FlightBookingTest@e3b3b2f]" started-at="2026-03-12T12:29:11 IST" name="setup" finished-at="2026-03-12T12:29:18 IST" duration-ms="6844" status="PASS">
          <reporter-output>
          </reporter-output>
        </test-method> <!-- setup -->
        <test-method signature="bookFlightTest(java.lang.String,java.lang.String,java.lang.String)[pri:0, instance:tests.FlightBookingTest@e3b3b2f]" started-at="2026-03-12T12:29:18 IST" name="bookFlightTest" data-provider="testData" finished-at="2026-03-12T12:29:25 IST" duration-ms="6821" status="PASS">
          <params>
            <param index="0">
              <value>
                <![CDATA[Bharti]]>
              </value>
            </param>
            <param index="1">
              <value>
                <![CDATA[Delhi]]>
              </value>
            </param>
            <param index="2">
              <value>
                <![CDATA[4111111111111111]]>
              </value>
            </param>
          </params>
          <reporter-output>
          </reporter-output>
        </test-method> <!-- bookFlightTest -->
        <test-method is-config="true" signature="tearDown()[pri:0, instance:tests.FlightBookingTest@e3b3b2f]" started-at="2026-03-12T12:29:25 IST" name="tearDown" finished-at="2026-03-12T12:29:25 IST" duration-ms="639" status="PASS">
          <reporter-output>
          </reporter-output>
        </test-method> <!-- tearDown -->
        <test-method is-config="true" signature="setup()[pri:0, instance:tests.FlightBookingTest@e3b3b2f]" started-at="2026-03-12T12:29:25 IST" name="setup" finished-at="2026-03-12T12:29:30 IST" duration-ms="5020" status="PASS">
          <reporter-output>
          </reporter-output>
        </test-method> <!-- setup -->
        <test-method signature="bookFlightTest(java.lang.String,java.lang.String,java.lang.String)[pri:0, instance:tests.FlightBookingTest@e3b3b2f]" started-at="2026-03-12T12:29:30 IST" name="bookFlightTest" data-provider="testData" finished-at="2026-03-12T12:29:35 IST" duration-ms="4258" status="PASS">
          <params>
            <param index="0">
              <value>
                <![CDATA[Harsh]]>
              </value>
            </param>
            <param index="1">
              <value>
                <![CDATA[Mumbai]]>
              </value>
            </param>
            <param index="2">
              <value>
                <![CDATA[5555555555554444]]>
              </value>
            </param>
          </params>
          <reporter-output>
          </reporter-output>
        </test-method> <!-- bookFlightTest -->
        <test-method is-config="true" signature="tearDown()[pri:0, instance:tests.FlightBookingTest@e3b3b2f]" started-at="2026-03-12T12:29:35 IST" name="tearDown" finished-at="2026-03-12T12:29:35 IST" duration-ms="489" status="PASS">
          <reporter-output>
          </reporter-output>
        </test-method> <!-- tearDown -->
        <test-method is-config="true" signature="setup()[pri:0, instance:tests.FlightBookingTest@e3b3b2f]" started-at="2026-03-12T12:29:35 IST" name="setup" finished-at="2026-03-12T12:29:39 IST" duration-ms="4358" status="PASS">
          <reporter-output>
          </reporter-output>
        </test-method> <!-- setup -->
        <test-method signature="bookFlightTest(java.lang.String,java.lang.String,java.lang.String)[pri:0, instance:tests.FlightBookingTest@e3b3b2f]" started-at="2026-03-12T12:29:39 IST" name="bookFlightTest" data-provider="testData" finished-at="2026-03-12T12:29:45 IST" duration-ms="5902" status="PASS">
          <params>
            <param index="0">
              <value>
                <![CDATA[Bharti]]>
              </value>
            </param>
            <param index="1">
              <value>
                <![CDATA[Delhi]]>
              </value>
            </param>
            <param index="2">
              <value>
                <![CDATA[4111111111111111]]>
              </value>
            </param>
          </params>
          <reporter-output>
          </reporter-output>
        </test-method> <!-- bookFlightTest -->
        <test-method is-config="true" signature="tearDown()[pri:0, instance:tests.FlightBookingTest@e3b3b2f]" started-at="2026-03-12T12:29:45 IST" name="tearDown" finished-at="2026-03-12T12:29:46 IST" duration-ms="489" status="PASS">
          <reporter-output>
          </reporter-output>
        </test-method> <!-- tearDown -->
        <test-method is-config="true" signature="setup()[pri:0, instance:tests.FlightBookingTest@e3b3b2f]" started-at="2026-03-12T12:29:46 IST" name="setup" finished-at="2026-03-12T12:29:52 IST" duration-ms="6121" status="PASS">
          <reporter-output>
          </reporter-output>
        </test-method> <!-- setup -->
        <test-method signature="bookFlightTest(java.lang.String,java.lang.String,java.lang.String)[pri:0, instance:tests.FlightBookingTest@e3b3b2f]" started-at="2026-03-12T12:29:52 IST" name="bookFlightTest" data-provider="testData" finished-at="2026-03-12T12:29:59 IST" duration-ms="6700" status="PASS">
          <params>
            <param index="0">
              <value>
                <![CDATA[Harsh]]>
              </value>
            </param>
            <param index="1">
              <value>
                <![CDATA[Mumbai]]>
              </value>
            </param>
            <param index="2">
              <value>
                <![CDATA[5555555555554444]]>
              </value>
            </param>
          </params>
          <reporter-output>
          </reporter-output>
        </test-method> <!-- bookFlightTest -->
        <test-method is-config="true" signature="tearDown()[pri:0, instance:tests.FlightBookingTest@e3b3b2f]" started-at="2026-03-12T12:29:59 IST" name="tearDown" finished-at="2026-03-12T12:29:59 IST" duration-ms="430" status="PASS">
          <reporter-output>
          </reporter-output>
        </test-method> <!-- tearDown -->
        <test-method is-config="true" signature="setup()[pri:0, instance:tests.FlightBookingTest@e3b3b2f]" started-at="2026-03-12T12:29:59 IST" name="setup" finished-at="2026-03-12T12:30:03 IST" duration-ms="4259" status="PASS">
          <reporter-output>
          </reporter-output>
        </test-method> <!-- setup -->
        <test-method signature="bookFlightTest(java.lang.String,java.lang.String,java.lang.String)[pri:0, instance:tests.FlightBookingTest@e3b3b2f]" started-at="2026-03-12T12:30:03 IST" name="bookFlightTest" data-provider="testData" finished-at="2026-03-12T12:30:12 IST" duration-ms="8156" status="PASS">
          <params>
            <param index="0">
              <value>
                <![CDATA[Bharti]]>
              </value>
            </param>
            <param index="1">
              <value>
                <![CDATA[Delhi]]>
              </value>
            </param>
            <param index="2">
              <value>
                <![CDATA[4111111111111111]]>
              </value>
            </param>
          </params>
          <reporter-output>
          </reporter-output>
        </test-method> <!-- bookFlightTest -->
        <test-method is-config="true" signature="tearDown()[pri:0, instance:tests.FlightBookingTest@e3b3b2f]" started-at="2026-03-12T12:30:12 IST" name="tearDown" finished-at="2026-03-12T12:30:12 IST" duration-ms="697" status="PASS">
          <reporter-output>
          </reporter-output>
        </test-method> <!-- tearDown -->
      </class> <!-- tests.FlightBookingTest -->
    </test> <!-- FlightBookingTests -->
  </suite> <!-- FlightBookingSuite -->
</testng-results>
