<?xml version="1.0" encoding="UTF-8"?>
<!-- Generated by org.testng.reporters.JUnitReportReporter -->
<testsuite hostname="DELL" failures="0" tests="8" name="runners.CucumberRunner" time="181.725" errors="0" timestamp="2026-03-15T23:14:53 IST" skipped="0">
  <testcase classname="runners.CucumberRunner" name="runScenario" time="19.617"/>
  <testcase classname="runners.CucumberRunner" name="runScenario" time="25.511"/>
  <testcase classname="runners.CucumberRunner" name="runScenario" time="27.961"/>
  <testcase classname="runners.CucumberRunner" name="runScenario" time="24.092"/>
  <testcase classname="runners.CucumberRunner" name="runScenario" time="33.510"/>
  <testcase classname="runners.CucumberRunner" name="runScenario" time="19.512"/>
  <testcase classname="runners.CucumberRunner" name="runScenario" time="18.994"/>
  <testcase classname="runners.CucumberRunner" name="runScenario" time="12.528"/>
</testsuite> <!-- runners.CucumberRunner -->
