<?xml version="1.0" encoding="UTF-8"?>
<!-- Generated by org.testng.reporters.JUnitReportReporter -->
<testsuite hostname="DELL" failures="0" tests="5" name="tests.FlightBookingTest" time="44.705" errors="0" timestamp="2026-03-12T16:45:32 IST" skipped="0">
  <testcase classname="tests.FlightBookingTest" name="bookFlightTest" time="7.855"/>
  <testcase classname="tests.FlightBookingTest" name="bookFlightTest" time="12.148"/>
  <testcase classname="tests.FlightBookingTest" name="bookFlightTest" time="7.980"/>
  <testcase classname="tests.FlightBookingTest" name="bookFlightTest" time="8.435"/>
  <testcase classname="tests.FlightBookingTest" name="bookFlightTest" time="8.287"/>
</testsuite> <!-- tests.FlightBookingTest -->
