<?xml version="1.0" encoding="UTF-8"?>
<!-- Generated by org.testng.reporters.JUnitReportReporter -->
<testsuite hostname="DELL" failures="0" tests="8" name="runners.CucumberRunner" time="135.313" errors="0" timestamp="2026-03-14T10:50:50 IST" skipped="0">
  <testcase classname="runners.CucumberRunner" name="runScenario" time="11.330"/>
  <testcase classname="runners.CucumberRunner" name="runScenario" time="15.738"/>
  <testcase classname="runners.CucumberRunner" name="runScenario" time="21.333"/>
  <testcase classname="runners.CucumberRunner" name="runScenario" time="28.401"/>
  <testcase classname="runners.CucumberRunner" name="runScenario" time="10.825"/>
  <testcase classname="runners.CucumberRunner" name="runScenario" time="16.511"/>
  <testcase classname="runners.CucumberRunner" name="runScenario" time="17.610"/>
  <testcase classname="runners.CucumberRunner" name="runScenario" time="13.565"/>
</testsuite> <!-- runners.CucumberRunner -->
