<?xml version="1.0" encoding="UTF-8"?>
<!-- Generated by org.testng.reporters.JUnitReportReporter -->
<testsuite hostname="DELL" failures="0" tests="5" name="tests.FlightBookingTest" time="61.183" errors="0" timestamp="2026-03-12T12:30:17 IST" skipped="0">
  <testcase classname="tests.FlightBookingTest" name="bookFlightTest" time="13.211"/>
  <testcase classname="tests.FlightBookingTest" name="bookFlightTest" time="11.741"/>
  <testcase classname="tests.FlightBookingTest" name="bookFlightTest" time="10.650"/>
  <testcase classname="tests.FlightBookingTest" name="bookFlightTest" time="12.209"/>
  <testcase classname="tests.FlightBookingTest" name="bookFlightTest" time="13.372"/>
</testsuite> <!-- tests.FlightBookingTest -->
